<?xml version="1.0" encoding="UTF-8"?>
<testng-results ignored="0" total="2" passed="2" failed="0" skipped="0">
  <reporter-output>
  </reporter-output>
  <suite started-at="2021-03-09T04:53:58Z" name="Surefire suite" finished-at="2021-03-09T04:54:14Z" duration-ms="15592">
    <groups>
    </groups>
    <test started-at="2021-03-09T04:53:58Z" name="Surefire test" finished-at="2021-03-09T04:54:14Z" duration-ms="15592">
      <class name="org.rahulshettyacademy.DemoTest">
        <test-method is-config="true" signature="setUp()[pri:0, instance:org.rahulshettyacademy.DemoTest@61862a7f]" started-at="2021-03-09T04:53:58Z" name="setUp" finished-at="2021-03-09T04:54:00Z" duration-ms="1787" status="PASS">
          <reporter-output>
          </reporter-output>
        </test-method> <!-- setUp -->
        <test-method signature="flightTest(java.util.HashMap)[pri:0, instance:org.rahulshettyacademy.DemoTest@61862a7f]" started-at="2021-03-09T04:54:00Z" name="flightTest" data-provider="getData" finished-at="2021-03-09T04:54:08Z" duration-ms="7708" status="PASS">
          <params>
            <param index="0">
              <value>
                <![CDATA[{destination=GOI, destination2=DEL, origin=MAA}]]>
              </value>
            </param>
          </params>
          <reporter-output>
          </reporter-output>
        </test-method> <!-- flightTest -->
        <test-method signature="flightTest(java.util.HashMap)[pri:0, instance:org.rahulshettyacademy.DemoTest@61862a7f]" started-at="2021-03-09T04:54:08Z" name="flightTest" data-provider="getData" finished-at="2021-03-09T04:54:13Z" duration-ms="4808" status="PASS">
          <params>
            <param index="0">
              <value>
                <![CDATA[{destination=HYD, destination2=MAA, origin=DEL}]]>
              </value>
            </param>
          </params>
          <reporter-output>
          </reporter-output>
        </test-method> <!-- flightTest -->
        <test-method is-config="true" signature="tearDown()[pri:0, instance:org.rahulshettyacademy.DemoTest@61862a7f]" started-at="2021-03-09T04:54:13Z" name="tearDown" finished-at="2021-03-09T04:54:14Z" duration-ms="1109" status="PASS">
          <reporter-output>
          </reporter-output>
        </test-method> <!-- tearDown -->
      </class> <!-- org.rahulshettyacademy.DemoTest -->
    </test> <!-- Surefire test -->
  </suite> <!-- Surefire suite -->
</testng-results>
