<?xml version="1.0" encoding="UTF-8"?>
<testng-results ignored="0" total="2" passed="2" failed="0" skipped="0">
  <reporter-output>
  </reporter-output>
  <suite started-at="2021-03-08T05:37:11Z" name="Surefire suite" finished-at="2021-03-08T05:37:27Z" duration-ms="16134">
    <groups>
    </groups>
    <test started-at="2021-03-08T05:37:11Z" name="Surefire test" finished-at="2021-03-08T05:37:27Z" duration-ms="16134">
      <class name="org.rahulshettyacademy.DemoTest">
        <test-method is-config="true" signature="setUp()[pri:0, instance:org.rahulshettyacademy.DemoTest@61862a7f]" started-at="2021-03-08T05:37:11Z" name="setUp" finished-at="2021-03-08T05:37:13Z" duration-ms="1705" status="PASS">
          <reporter-output>
          </reporter-output>
        </test-method> <!-- setUp -->
        <test-method signature="flightTest(java.util.HashMap)[pri:0, instance:org.rahulshettyacademy.DemoTest@61862a7f]" started-at="2021-03-08T05:37:13Z" name="flightTest" data-provider="getData" finished-at="2021-03-08T05:37:21Z" duration-ms="8252" status="PASS">
          <params>
            <param index="0">
              <value>
                <![CDATA[{destination=GOI, destination2=DEL, origin=MAA}]]>
              </value>
            </param>
          </params>
          <reporter-output>
          </reporter-output>
        </test-method> <!-- flightTest -->
        <test-method signature="flightTest(java.util.HashMap)[pri:0, instance:org.rahulshettyacademy.DemoTest@61862a7f]" started-at="2021-03-08T05:37:21Z" name="flightTest" data-provider="getData" finished-at="2021-03-08T05:37:27Z" duration-ms="5228" status="PASS">
          <params>
            <param index="0">
              <value>
                <![CDATA[{destination=HYD, destination2=MAA, origin=DEL}]]>
              </value>
            </param>
          </params>
          <reporter-output>
          </reporter-output>
        </test-method> <!-- flightTest -->
        <test-method is-config="true" signature="tearDown()[pri:0, instance:org.rahulshettyacademy.DemoTest@61862a7f]" started-at="2021-03-08T05:37:27Z" name="tearDown" finished-at="2021-03-08T05:37:27Z" duration-ms="719" status="PASS">
          <reporter-output>
          </reporter-output>
        </test-method> <!-- tearDown -->
      </class> <!-- org.rahulshettyacademy.DemoTest -->
    </test> <!-- Surefire test -->
  </suite> <!-- Surefire suite -->
</testng-results>
